#
# There is insufficient memory for the Java Runtime Environment to continue.
# Native memory allocation (malloc) failed to allocate 32744 bytes for ChunkPool::allocate
# Possible reasons:
#   The system is out of physical RAM or swap space
#   In 32 bit mode, the process size limit was hit
# Possible solutions:
#   Reduce memory load on the system
#   Increase physical memory or swap space
#   Check if swap backing store is full
#   Use 64 bit Java on a 64 bit OS
#   Decrease Java heap size (-Xmx/-Xms)
#   Decrease number of Java threads
#   Decrease Java thread stack sizes (-Xss)
#   Set larger code cache with -XX:ReservedCodeCacheSize=
# This output file may be truncated or incomplete.
#
#  Out of Memory Error (allocation.cpp:273), pid=18656, tid=0x00000000000032fc
#
# JRE version: Java(TM) SE Runtime Environment (8.0_152-b16) (build 1.8.0_152-b16)
# Java VM: Java HotSpot(TM) 64-Bit Server VM (25.152-b16 mixed mode windows-amd64 compressed oops)
# Failed to write core dump. Minidumps are not enabled by default on client versions of Windows
#

---------------  T H R E A D  ---------------

Current thread (0x0000000019e1b000):  JavaThread "C2 CompilerThread0" daemon [_thread_in_native, id=13052, stack(0x000000001a5f0000,0x000000001a6f0000)]

Stack: [0x000000001a5f0000,0x000000001a6f0000]
[error occurred during error reporting (printing stack bounds), id 0xc0000005]

Native frames: (J=compiled Java code, j=interpreted, Vv=VM code, C=native code)


Current CompileTask:
C2: 129459 2222       4       com.sun.java.swing.plaf.windows.XPStyle$Skin::<init> (101 bytes)


---------------  P R O C E S S  ---------------

Java Threads: ( => current thread )
  0x000000001b2a6000 JavaThread "TimerQueue" daemon [_thread_blocked, id=2848, stack(0x000000001d800000,0x000000001d900000)]
  0x000000001b1ef000 JavaThread "MultiThreadedHttpConnectionManager cleanup" daemon [_thread_blocked, id=8284, stack(0x000000001c220000,0x000000001c320000)]
  0x0000000002f12800 JavaThread "DestroyJavaVM" [_thread_blocked, id=9680, stack(0x0000000002da0000,0x0000000002ea0000)]
  0x000000001af35000 JavaThread "AWT-EventQueue-0" [_thread_blocked, id=14760, stack(0x000000001b9e0000,0x000000001bae0000)]
  0x000000001af2d800 JavaThread "AWT-Windows" daemon [_thread_in_native, id=2452, stack(0x000000001b730000,0x000000001b830000)]
  0x000000001af2a800 JavaThread "AWT-Shutdown" [_thread_blocked, id=17120, stack(0x000000001b630000,0x000000001b730000)]
  0x000000001af29800 JavaThread "Java2D Disposer" daemon [_thread_blocked, id=2644, stack(0x000000001b530000,0x000000001b630000)]
  0x0000000019eab000 JavaThread "Service Thread" daemon [_thread_blocked, id=1020, stack(0x000000001a9f0000,0x000000001aaf0000)]
  0x0000000019e26000 JavaThread "C1 CompilerThread3" daemon [_thread_blocked, id=4812, stack(0x000000001a8f0000,0x000000001a9f0000)]
  0x0000000019e21000 JavaThread "C2 CompilerThread2" daemon [_thread_blocked, id=11736, stack(0x000000001a7f0000,0x000000001a8f0000)]
  0x0000000019e1e000 JavaThread "C2 CompilerThread1" daemon [_thread_in_native, id=4932, stack(0x000000001a6f0000,0x000000001a7f0000)]
=>0x0000000019e1b000 JavaThread "C2 CompilerThread0" daemon [_thread_in_native, id=13052, stack(0x000000001a5f0000,0x000000001a6f0000)]
  0x0000000019e1a000 JavaThread "Attach Listener" daemon [_thread_blocked, id=10016, stack(0x000000001a4f0000,0x000000001a5f0000)]
  0x0000000019e19800 JavaThread "Signal Dispatcher" daemon [_thread_blocked, id=7688, stack(0x000000001a3f0000,0x000000001a4f0000)]
  0x0000000019e10800 JavaThread "Finalizer" daemon [_thread_blocked, id=17960, stack(0x000000001a1f0000,0x000000001a2f0000)]
  0x0000000003008000 JavaThread "Reference Handler" daemon [_thread_blocked, id=18824, stack(0x0000000019cf0000,0x0000000019df0000)]

Other Threads:
  0x0000000017f07800 VMThread [stack: 0x0000000019bf0000,0x0000000019cf0000] [id=9732]
  0x0000000019ecc800 WatcherThread [stack: 0x000000001aaf0000,0x000000001abf0000] [id=1484]

VM state:not at safepoint (normal execution)

VM Mutex/Monitor currently owned by a thread: None

Heap:
 PSYoungGen      total 37888K, used 34656K [0x00000000d6200000, 0x00000000dac00000, 0x0000000100000000)
  eden space 32768K, 95% used [0x00000000d6200000,0x00000000d8087040,0x00000000d8200000)
  from space 5120K, 66% used [0x00000000d8200000,0x00000000d8551110,0x00000000d8700000)
  to   space 5120K, 0% used [0x00000000da700000,0x00000000da700000,0x00000000dac00000)
 ParOldGen       total 86016K, used 24K [0x0000000082600000, 0x0000000087a00000, 0x00000000d6200000)
  object space 86016K, 0% used [0x0000000082600000,0x0000000082606000,0x0000000087a00000)
 Metaspace       used 19788K, capacity 20014K, committed 20224K, reserved 1067008K
  class space    used 2474K, capacity 2557K, committed 2560K, reserved 1048576K

Card table byte_map: [0x00000000123d0000,0x00000000127c0000] byte_map_base: 0x0000000011fbd000

Marking Bits: (ParMarkBitMap*) 0x0000000060430860
 Begin Bits: [0x0000000013260000, 0x00000000151c8000)
 End Bits:   [0x00000000151c8000, 0x0000000017130000)

Polling page: 0x0000000000f90000

CodeCache: size=245760Kb used=7112Kb max_used=7139Kb free=238647Kb
 bounds [0x0000000003010000, 0x0000000003720000, 0x0000000012010000]
 total_blobs=2769 nmethods=2206 adapters=475
 compilation: enabled

Compilation events (10 events):
Event: 125.009 Thread 0x0000000019e1e000 nmethod 2217 0x0000000003129450 code [0x0000000003129580, 0x0000000003129638]
Event: 125.570 Thread 0x0000000019e21000 2218       4       java.awt.geom.AffineTransform::equals (92 bytes)
Event: 125.571 Thread 0x0000000019e21000 nmethod 2218 0x00000000036c54d0 code [0x00000000036c5620, 0x00000000036c5878]
Event: 125.943 Thread 0x0000000019e1b000 2219       4       java.util.WeakHashMap::get (77 bytes)
Event: 125.956 Thread 0x0000000019e1b000 nmethod 2219 0x00000000036c48d0 code [0x00000000036c4a60, 0x00000000036c5008]
Event: 127.620 Thread 0x0000000019e1e000 2220       4       java.util.IdentityHashMap$IdentityHashMapIterator::<init> (63 bytes)
Event: 127.621 Thread 0x0000000019e1e000 nmethod 2220 0x0000000003129190 code [0x00000000031292c0, 0x0000000003129398]
Event: 128.507 Thread 0x0000000019e21000 2221       4       sun.swing.SwingUtilities2::getFRCProperty (26 bytes)
Event: 128.508 Thread 0x0000000019e21000 nmethod 2221 0x00000000036c4610 code [0x00000000036c4760, 0x00000000036c47f8]
Event: 129.164 Thread 0x0000000019e1b000 2222       4       com.sun.java.swing.plaf.windows.XPStyle$Skin::<init> (101 bytes)

GC Heap History (6 events):
Event: 1.132 GC heap before
{Heap before GC invocations=1 (full 0):
 PSYoungGen      total 37888K, used 32723K [0x00000000d6200000, 0x00000000d8c00000, 0x0000000100000000)
  eden space 32768K, 99% used [0x00000000d6200000,0x00000000d81f4e18,0x00000000d8200000)
  from space 5120K, 0% used [0x00000000d8700000,0x00000000d8700000,0x00000000d8c00000)
  to   space 5120K, 0% used [0x00000000d8200000,0x00000000d8200000,0x00000000d8700000)
 ParOldGen       total 86016K, used 0K [0x0000000082600000, 0x0000000087a00000, 0x00000000d6200000)
  object space 86016K, 0% used [0x0000000082600000,0x0000000082600000,0x0000000087a00000)
 Metaspace       used 5888K, capacity 6072K, committed 6272K, reserved 1056768K
  class space    used 701K, capacity 785K, committed 896K, reserved 1048576K
Event: 1.134 GC heap after
Heap after GC invocations=1 (full 0):
 PSYoungGen      total 37888K, used 1183K [0x00000000d6200000, 0x00000000d8c00000, 0x0000000100000000)
  eden space 32768K, 0% used [0x00000000d6200000,0x00000000d6200000,0x00000000d8200000)
  from space 5120K, 23% used [0x00000000d8200000,0x00000000d8327fe0,0x00000000d8700000)
  to   space 5120K, 0% used [0x00000000d8700000,0x00000000d8700000,0x00000000d8c00000)
 ParOldGen       total 86016K, used 8K [0x0000000082600000, 0x0000000087a00000, 0x00000000d6200000)
  object space 86016K, 0% used [0x0000000082600000,0x0000000082602000,0x0000000087a00000)
 Metaspace       used 5888K, capacity 6072K, committed 6272K, reserved 1056768K
  class space    used 701K, capacity 785K, committed 896K, reserved 1048576K
}
Event: 1.143 GC heap before
{Heap before GC invocations=2 (full 0):
 PSYoungGen      total 37888K, used 33882K [0x00000000d6200000, 0x00000000d8c00000, 0x0000000100000000)
  eden space 32768K, 99% used [0x00000000d6200000,0x00000000d81eea68,0x00000000d8200000)
  from space 5120K, 23% used [0x00000000d8200000,0x00000000d8327fe0,0x00000000d8700000)
  to   space 5120K, 0% used [0x00000000d8700000,0x00000000d8700000,0x00000000d8c00000)
 ParOldGen       total 86016K, used 8K [0x0000000082600000, 0x0000000087a00000, 0x00000000d6200000)
  object space 86016K, 0% used [0x0000000082600000,0x0000000082602000,0x0000000087a00000)
 Metaspace       used 5888K, capacity 6072K, committed 6272K, reserved 1056768K
  class space    used 701K, capacity 785K, committed 896K, reserved 1048576K
Event: 1.145 GC heap after
Heap after GC invocations=2 (full 0):
 PSYoungGen      total 37888K, used 1117K [0x00000000d6200000, 0x00000000dac00000, 0x0000000100000000)
  eden space 32768K, 0% used [0x00000000d6200000,0x00000000d6200000,0x00000000d8200000)
  from space 5120K, 21% used [0x00000000d8700000,0x00000000d88175e0,0x00000000d8c00000)
  to   space 5120K, 0% used [0x00000000d8200000,0x00000000d8200000,0x00000000d8700000)
 ParOldGen       total 86016K, used 16K [0x0000000082600000, 0x0000000087a00000, 0x00000000d6200000)
  object space 86016K, 0% used [0x0000000082600000,0x0000000082604000,0x0000000087a00000)
 Metaspace       used 5888K, capacity 6072K, committed 6272K, reserved 1056768K
  class space    used 701K, capacity 785K, committed 896K, reserved 1048576K
}
Event: 2.449 GC heap before
{Heap before GC invocations=3 (full 0):
 PSYoungGen      total 37888K, used 33885K [0x00000000d6200000, 0x00000000dac00000, 0x0000000100000000)
  eden space 32768K, 100% used [0x00000000d6200000,0x00000000d8200000,0x00000000d8200000)
  from space 5120K, 21% used [0x00000000d8700000,0x00000000d88175e0,0x00000000d8c00000)
  to   space 5120K, 0% used [0x00000000d8200000,0x00000000d8200000,0x00000000d8700000)
 ParOldGen       total 86016K, used 16K [0x0000000082600000, 0x0000000087a00000, 0x00000000d6200000)
  object space 86016K, 0% used [0x0000000082600000,0x0000000082604000,0x0000000087a00000)
 Metaspace       used 10990K, capacity 11220K, committed 11520K, reserved 1058816K
  class space    used 1352K, capacity 1445K, committed 1536K, reserved 1048576K
Event: 2.452 GC heap after
Heap after GC invocations=3 (full 0):
 PSYoungGen      total 37888K, used 3396K [0x00000000d6200000, 0x00000000dac00000, 0x0000000100000000)
  eden space 32768K, 0% used [0x00000000d6200000,0x00000000d6200000,0x00000000d8200000)
  from space 5120K, 66% used [0x00000000d8200000,0x00000000d8551110,0x00000000d8700000)
  to   space 5120K, 0% used [0x00000000da700000,0x00000000da700000,0x00000000dac00000)
 ParOldGen       total 86016K, used 24K [0x0000000082600000, 0x0000000087a00000, 0x00000000d6200000)
  object space 86016K, 0% used [0x0000000082600000,0x0000000082606000,0x0000000087a00000)
 Metaspace       used 10990K, capacity 11220K, committed 11520K, reserved 1058816K
  class space    used 1352K, capacity 1445K, committed 1536K, reserved 1048576K
}

Deoptimization events (10 events):
Event: 4.868 Thread 0x000000001af35000 Uncommon trap: reason=class_check action=maybe_recompile pc=0x000000000312d9a8 method=java.lang.String.equals(Ljava/lang/Object;)Z @ 8
Event: 4.869 Thread 0x000000001af35000 Uncommon trap: reason=class_check action=maybe_recompile pc=0x000000000312d9a8 method=java.lang.String.equals(Ljava/lang/Object;)Z @ 8
Event: 4.953 Thread 0x000000001af35000 Uncommon trap: reason=bimorphic action=maybe_recompile pc=0x00000000034bac68 method=java.util.Hashtable.put(Ljava/lang/Object;Ljava/lang/Object;)Ljava/lang/Object; @ 60
Event: 4.953 Thread 0x000000001af35000 Uncommon trap: reason=bimorphic action=maybe_recompile pc=0x00000000034bac68 method=java.util.Hashtable.put(Ljava/lang/Object;Ljava/lang/Object;)Ljava/lang/Object; @ 60
Event: 4.953 Thread 0x000000001af35000 Uncommon trap: reason=bimorphic action=maybe_recompile pc=0x00000000034bac68 method=java.util.Hashtable.put(Ljava/lang/Object;Ljava/lang/Object;)Ljava/lang/Object; @ 60
Event: 4.953 Thread 0x000000001af35000 Uncommon trap: reason=bimorphic action=maybe_recompile pc=0x00000000034bac68 method=java.util.Hashtable.put(Ljava/lang/Object;Ljava/lang/Object;)Ljava/lang/Object; @ 60
Event: 5.130 Thread 0x000000001af35000 Uncommon trap: reason=bimorphic action=maybe_recompile pc=0x0000000003287430 method=java.util.regex.Pattern$BmpCharProperty.match(Ljava/util/regex/Matcher;ILjava/lang/CharSequence;)Z @ 16
Event: 5.130 Thread 0x000000001af35000 Uncommon trap: reason=bimorphic action=maybe_recompile pc=0x0000000003287430 method=java.util.regex.Pattern$BmpCharProperty.match(Ljava/util/regex/Matcher;ILjava/lang/CharSequence;)Z @ 16
Event: 5.133 Thread 0x000000001af35000 Uncommon trap: reason=bimorphic action=maybe_recompile pc=0x0000000003287430 method=java.util.regex.Pattern$BmpCharProperty.match(Ljava/util/regex/Matcher;ILjava/lang/CharSequence;)Z @ 16
Event: 5.133 Thread 0x000000001af35000 Uncommon trap: reason=bimorphic action=maybe_recompile pc=0x0000000003287430 method=java.util.regex.Pattern$BmpCharProperty.match(Ljava/util/regex/Matcher;ILjava/lang/CharSequence;)Z @ 16

Classes redefined (0 events):
No events

Internal exceptions (10 events):
Event: 1.422 Thread 0x000000001af35000 Exception <a 'java/lang/ArrayIndexOutOfBoundsException'> (0x00000000d77171f0) thrown at [C:\re\workspace\8-2-build-windows-amd64-cygwin\jdk8u152\9742\hotspot\src\share\vm\runtime\sharedRuntime.cpp, line 605]
Event: 1.422 Thread 0x000000001af35000 Exception <a 'java/lang/ArrayIndexOutOfBoundsException'> (0x00000000d77186f8) thrown at [C:\re\workspace\8-2-build-windows-amd64-cygwin\jdk8u152\9742\hotspot\src\share\vm\runtime\sharedRuntime.cpp, line 605]
Event: 1.443 Thread 0x000000001af35000 Exception <a 'java/lang/ArrayIndexOutOfBoundsException': 83> (0x00000000d77aaca0) thrown at [C:\re\workspace\8-2-build-windows-amd64-cygwin\jdk8u152\9742\hotspot\src\share\vm\interpreter\interpreterRuntime.cpp, line 366]
Event: 1.443 Thread 0x000000001af35000 Exception <a 'java/lang/ArrayIndexOutOfBoundsException': 76> (0x00000000d77ac1c8) thrown at [C:\re\workspace\8-2-build-windows-amd64-cygwin\jdk8u152\9742\hotspot\src\share\vm\interpreter\interpreterRuntime.cpp, line 366]
Event: 1.495 Thread 0x000000001af35000 Exception <a 'java/lang/NoClassDefFoundError': org/apache/log4j/Category> (0x00000000d7968f98) thrown at [C:\re\workspace\8-2-build-windows-amd64-cygwin\jdk8u152\9742\hotspot\src\share\vm\classfile\systemDictionary.cpp, line 199]
Event: 3.179 Thread 0x000000001af35000 Exception <a 'java/lang/ClassNotFoundException': com/sun/org/glassfish/hk2/osgiresourcelocator/ServiceLoader> (0x00000000d63e6890) thrown at [C:\re\workspace\8-2-build-windows-amd64-cygwin\jdk8u152\9742\hotspot\src\share\vm\classfile\systemDictionary.cpp,
Event: 4.109 Thread 0x000000001af35000 Exception <a 'java/io/FileNotFoundException'> (0x00000000d6d3cc58) thrown at [C:\re\workspace\8-2-build-windows-amd64-cygwin\jdk8u152\9742\hotspot\src\share\vm\prims\jni.cpp, line 709]
Event: 4.205 Thread 0x000000001af35000 Implicit null exception at 0x00000000032059d6 to 0x0000000003205d71
Event: 4.207 Thread 0x000000001af35000 Implicit null exception at 0x00000000031ed056 to 0x00000000031ed3ed
Event: 4.272 Thread 0x000000001af35000 Exception <a 'java/io/FileNotFoundException'> (0x00000000d6e28a08) thrown at [C:\re\workspace\8-2-build-windows-amd64-cygwin\jdk8u152\9742\hotspot\src\share\vm\prims\jni.cpp, line 709]

Events (10 events):
Event: 36.142 Thread 0x0000000019e1e000 flushing nmethod 0x000000000311d210
Event: 36.142 Thread 0x0000000019e1e000 flushing nmethod 0x000000000311e5d0
Event: 36.142 Thread 0x0000000019e1e000 flushing nmethod 0x000000000311ec50
Event: 36.142 Thread 0x0000000019e1e000 flushing nmethod 0x000000000311f010
Event: 36.142 Thread 0x0000000019e1e000 flushing nmethod 0x000000000311f350
Event: 36.142 Thread 0x0000000019e1e000 flushing nmethod 0x0000000003120950
Event: 36.142 Thread 0x0000000019e1e000 flushing nmethod 0x0000000003150d90
Event: 87.620 loading class java/security/DomainCombiner
Event: 87.622 loading class java/security/DomainCombiner done
Event: 104.473 Thread 0x0000000019e1b000 flushing nmethod 0x0000000003129190


Dynamic libraries:
0x00007ff6fa920000 - 0x00007ff6fa957000 	C:\Program Files\MATLAB\R2018b\sys\java\jre\win64\jre\bin\java.exe
0x00007fffa05d0000 - 0x00007fffa07c5000 	C:\WINDOWS\SYSTEM32\ntdll.dll
0x00007fff9f860000 - 0x00007fff9f91d000 	C:\WINDOWS\System32\KERNEL32.DLL
0x00007fff9e0a0000 - 0x00007fff9e369000 	C:\WINDOWS\System32\KERNELBASE.dll
0x00007fff9fd80000 - 0x00007fff9fe2c000 	C:\WINDOWS\System32\ADVAPI32.dll
0x00007fff9e700000 - 0x00007fff9e79e000 	C:\WINDOWS\System32\msvcrt.dll
0x00007fff9f7c0000 - 0x00007fff9f85c000 	C:\WINDOWS\System32\sechost.dll
0x00007fffa0460000 - 0x00007fffa058b000 	C:\WINDOWS\System32\RPCRT4.dll
0x00007fff9f950000 - 0x00007fff9faf0000 	C:\WINDOWS\System32\USER32.dll
0x00007fff9e070000 - 0x00007fff9e092000 	C:\WINDOWS\System32\win32u.dll
0x00007fff9f920000 - 0x00007fff9f94a000 	C:\WINDOWS\System32\GDI32.dll
0x00007fff9de90000 - 0x00007fff9df9b000 	C:\WINDOWS\System32\gdi32full.dll
0x00007fff9dfa0000 - 0x00007fff9e03d000 	C:\WINDOWS\System32\msvcp_win.dll
0x00007fff9e530000 - 0x00007fff9e630000 	C:\WINDOWS\System32\ucrtbase.dll
0x00007fff85450000 - 0x00007fff856ea000 	C:\WINDOWS\WinSxS\amd64_microsoft.windows.common-controls_6595b64144ccf1df_6.0.19041.844_none_ca00b6081b84eb1d\COMCTL32.dll
0x00007fff9f240000 - 0x00007fff9f270000 	C:\WINDOWS\System32\IMM32.DLL
0x000000005fb30000 - 0x000000005fc02000 	C:\Program Files\MATLAB\R2018b\sys\java\jre\win64\jre\bin\msvcr100.dll
0x000000005fc10000 - 0x00000000604b0000 	C:\Program Files\MATLAB\R2018b\sys\java\jre\win64\jre\bin\server\jvm.dll
0x00007fff9f270000 - 0x00007fff9f278000 	C:\WINDOWS\System32\PSAPI.DLL
0x00007fff9caf0000 - 0x00007fff9cafa000 	C:\WINDOWS\SYSTEM32\VERSION.dll
0x00007fff82490000 - 0x00007fff824b7000 	C:\WINDOWS\SYSTEM32\WINMM.dll
0x00007fff84a10000 - 0x00007fff84a19000 	C:\WINDOWS\SYSTEM32\WSOCK32.dll
0x00007fff9e7a0000 - 0x00007fff9e80b000 	C:\WINDOWS\System32\WS2_32.dll
0x000000005fb20000 - 0x000000005fb2f000 	C:\Program Files\MATLAB\R2018b\sys\java\jre\win64\jre\bin\verify.dll
0x000000005faf0000 - 0x000000005fb19000 	C:\Program Files\MATLAB\R2018b\sys\java\jre\win64\jre\bin\java.dll
0x000000005fad0000 - 0x000000005fae6000 	C:\Program Files\MATLAB\R2018b\sys\java\jre\win64\jre\bin\zip.dll
0x00007fff9eaf0000 - 0x00007fff9f232000 	C:\WINDOWS\System32\SHELL32.dll
0x00007fff98be0000 - 0x00007fff99370000 	C:\WINDOWS\SYSTEM32\windows.storage.dll
0x00007fffa0100000 - 0x00007fffa0455000 	C:\WINDOWS\System32\combase.dll
0x00007fff9d780000 - 0x00007fff9d7ac000 	C:\WINDOWS\SYSTEM32\Wldp.dll
0x00007fff9e9b0000 - 0x00007fff9ea5e000 	C:\WINDOWS\System32\SHCORE.dll
0x00007fff9f6f0000 - 0x00007fff9f745000 	C:\WINDOWS\System32\shlwapi.dll
0x00007fff9dc50000 - 0x00007fff9dc6f000 	C:\WINDOWS\SYSTEM32\profapi.dll
0x000000005f930000 - 0x000000005fac8000 	C:\Program Files\MATLAB\R2018b\sys\java\jre\win64\jre\bin\awt.dll
0x00007fff9e630000 - 0x00007fff9e6fd000 	C:\WINDOWS\System32\OLEAUT32.dll
0x00007fff97c80000 - 0x00007fff97d10000 	C:\WINDOWS\SYSTEM32\apphelp.dll
0x00007fff97d70000 - 0x00007fff97e0e000 	C:\WINDOWS\system32\uxtheme.dll
0x00007fff9fe30000 - 0x00007fff9ff45000 	C:\WINDOWS\System32\MSCTF.dll
0x00007fff58e60000 - 0x00007fff58f39000 	c:\Program Files\HP\HP ProtectTools Security Manager\Bin\DpoFeedb.dll
0x00007fff9dc10000 - 0x00007fff9dc3e000 	C:\WINDOWS\SYSTEM32\USERENV.dll
0x00007fff9e880000 - 0x00007fff9e9aa000 	C:\WINDOWS\System32\ole32.dll
0x00007fff9c770000 - 0x00007fff9c782000 	C:\WINDOWS\SYSTEM32\kernel.appcore.dll
0x00007fff9dd60000 - 0x00007fff9dde0000 	C:\WINDOWS\System32\bcryptPrimitives.dll
0x000000005a540000 - 0x000000005a564000 	C:\Program Files\MATLAB\R2018b\sys\java\jre\win64\jre\bin\sunec.dll
0x000000005f8c0000 - 0x000000005f8da000 	C:\Program Files\MATLAB\R2018b\sys\java\jre\win64\jre\bin\net.dll
0x00007fff9d500000 - 0x00007fff9d56a000 	C:\WINDOWS\system32\mswsock.dll
0x00007fff9d1a0000 - 0x00007fff9d1db000 	C:\WINDOWS\SYSTEM32\IPHLPAPI.DLL
0x00007fff9e870000 - 0x00007fff9e878000 	C:\WINDOWS\System32\NSI.dll
0x00007fff98070000 - 0x00007fff98087000 	C:\WINDOWS\SYSTEM32\dhcpcsvc6.DLL
0x00007fff98050000 - 0x00007fff9806d000 	C:\WINDOWS\SYSTEM32\dhcpcsvc.DLL
0x00007fff9d1e0000 - 0x00007fff9d2ab000 	C:\WINDOWS\SYSTEM32\DNSAPI.dll
0x000000005f8a0000 - 0x000000005f8b1000 	C:\Program Files\MATLAB\R2018b\sys\java\jre\win64\jre\bin\nio.dll
0x00007fff9d6d0000 - 0x00007fff9d6e8000 	C:\WINDOWS\SYSTEM32\CRYPTSP.dll
0x00007fff9ce30000 - 0x00007fff9ce64000 	C:\WINDOWS\system32\rsaenh.dll
0x00007fff9e040000 - 0x00007fff9e067000 	C:\WINDOWS\System32\bcrypt.dll
0x00007fff9d6f0000 - 0x00007fff9d6fc000 	C:\WINDOWS\SYSTEM32\CRYPTBASE.dll
0x000000005a530000 - 0x000000005a53b000 	C:\Program Files\MATLAB\R2018b\sys\java\jre\win64\jre\bin\sunmscapi.dll
0x00007fff9e3d0000 - 0x00007fff9e52f000 	C:\WINDOWS\System32\CRYPT32.dll
0x00007fff92ac0000 - 0x00007fff92aca000 	C:\Windows\System32\rasadhlp.dll
0x00007fff89020000 - 0x00007fff8909f000 	C:\WINDOWS\System32\fwpuclnt.dll
0x00007fff981b0000 - 0x00007fff981df000 	C:\WINDOWS\system32\DWMAPI.DLL
0x00007fff5a8e0000 - 0x00007fff5aa06000 	C:\WINDOWS\system32\opengl32.dll
0x00007fff5b780000 - 0x00007fff5b7ac000 	C:\WINDOWS\SYSTEM32\GLU32.dll
0x000000005f8e0000 - 0x000000005f927000 	C:\Program Files\MATLAB\R2018b\sys\java\jre\win64\jre\bin\fontmanager.dll
0x000000005f850000 - 0x000000005f892000 	C:\Program Files\MATLAB\R2018b\sys\java\jre\win64\jre\bin\t2k.dll
0x00007fff9ff70000 - 0x00007fffa0019000 	C:\WINDOWS\System32\clbcatq.dll
0x00007fff91810000 - 0x00007fff919c4000 	C:\WINDOWS\SYSTEM32\WindowsCodecs.dll
0x00007fff66f90000 - 0x00007fff66fce000 	C:\WINDOWS\system32\dataexchange.dll
0x00007fff96110000 - 0x00007fff96374000 	C:\WINDOWS\system32\d3d11.dll
0x00007fff970a0000 - 0x00007fff97287000 	C:\WINDOWS\system32\dcomp.dll
0x00007fff9c510000 - 0x00007fff9c603000 	C:\WINDOWS\system32\dxgi.dll
0x00007fff91cd0000 - 0x00007fff91ed1000 	C:\WINDOWS\system32\twinapi.appcore.dll
0x00007fff8f200000 - 0x00007fff8f2fb000 	C:\WINDOWS\SYSTEM32\textinputframework.dll
0x00007fff976f0000 - 0x00007fff97a4e000 	C:\WINDOWS\System32\CoreUIComponents.dll
0x00007fff97a50000 - 0x00007fff97b42000 	C:\WINDOWS\System32\CoreMessaging.dll
0x00007fff96f40000 - 0x00007fff97094000 	C:\WINDOWS\SYSTEM32\wintypes.dll
0x00007fff9c930000 - 0x00007fff9c963000 	C:\WINDOWS\SYSTEM32\ntmarta.dll

VM Arguments:
java_command: com.mathworks.fatalexit.FatalExitFrame C:\Users\ruthb\AppData\Local\Temp\matlab_crash_dump.12140-1 -segvURL https://udc-service.mathworks.com/udc/service/v1 -logfile Java Crash Report=C:\Users\ruthb\AppData\Local\Temp\hs_error_pid12140.log -optIn -desktopOS Microsoft Windows 10 Home -desktopPlatform win64 -installationId 92e2aa8d-0ea4-4724-985f-681f8d87bd7f -machineHash 7a888b4796f1f5688f746ee7ede026c4 -releaseFamily R2018b -sessionKey f77f1d6e-139f-4b4d-8d4c-5c0b458947ca -version 9.5.0.944444 (R2018b)
java_class_path (initial): C:\Program Files\MATLAB\R2018b\java\jar/fatalexit.jar;C:\Program Files\MATLAB\R2018b\java\jar/mlwebservices.jar;C:\Program Files\MATLAB\R2018b\java\jar/net.jar;C:\Program Files\MATLAB\R2018b\java\jar/webproxy.jar;C:\Program Files\MATLAB\R2018b\java\jarext/webservices/udc_client/udc_client.jar;C:\Program Files\MATLAB\R2018b\java\jarext/webservices/urlmanager/urlmanager.jar;C:\Program Files\MATLAB\R2018b\java\jarext/webservices/ws_client_core/mw-service-client-core.jar;C:\Program Files\MATLAB\R2018b\java\jarext/commons-cli.jar;C:\Program Files\MATLAB\R2018b\java\jarext/commons-codec.jar;C:\Program Files\MATLAB\R2018b\java\jarext/commons-io.jar;C:\Program Files\MATLAB\R2018b\java\jarext/commons-lang.jar;C:\Program Files\MATLAB\R2018b\java\jarext/commons-logging.jar;C:\Program Files\MATLAB\R2018b\java\jarext/jgoodies-looks.jar;C:\Program Files\MATLAB\R2018b\java\jarext/axis2/activation.jar;C:\Program Files\MATLAB\R2018b\java\jarext/axis2/axiom-api.jar;C:\Program Files\MATLAB\R2018b\java\jarext/axis2/axiom-impl.jar;C:\Program Files\MATLAB\R2018b\java\jarext/axis2/axis2-adb.jar;C:\Program Files\MATLAB\R2018b\java\jarext/axis2/axis2-kernel.jar;C:\Program Files\MATLAB\R2018b\java\jarext/axis2/axis2-transport-http.jar;C:\Program Files\MATLAB\R2018b\java\jarext/axis2/axis2-transport-local.jar;C:\Program Files\MATLAB\R2018b\java\jarext/axis2/commons-httpclient.jar;C:\Program Files\MATLAB\R2018b\java\jarext/axis2/geronimo-stax-api.jar;C:\Program Files\MATLAB\R2018b\java\jarext/axis2/httpcore.jar;C:\Program Files\MATLAB\R2018b\java\jarext/axis2/mail.jar;C:\Program Files\MATLAB\R2018b\java\jarext/axis2/neethi.jar;C:\Program Files\MATLAB\R2018b\java\jarext/axis2/wsdl4j.jar;C:\Program Files\MATLAB\R2018b\java\jarext/axis2/wstx-asl.jar;C:\Program Files\MATLAB\R2018b\java\jarext/axis2/XmlSchema.jar;C:\Program Files\MATLAB\R2018b\java\jar/ja_JP/fatalexit_res.jar;C:\Program Files\MATLAB\R2018b\java\jar/zh_CN/fatalexit_res.jar;C:\Program Files\MATLAB\R2018b\
Launcher Type: SUN_STANDARD

Environment Variables:
PATH=C:\Program Files\MATLAB\R2018b\bin\win64;C:\WINDOWS\system32;C:\WINDOWS;C:\WINDOWS\System32\Wbem;C:\WINDOWS\System32\WindowsPowerShell\v1.0\;C:\WINDOWS\System32\OpenSSH\;C:\Program Files\MATLAB\R2018b\bin;C:\Program Files (x86)\Intel\Intel(R) Management Engine Components\DAL;C:\Program Files\Intel\Intel(R) Management Engine Components\DAL;C:\Program Files (x86)\IVI Foundation\VISA\WinNT\Bin\;C:\Program Files\IVI Foundation\VISA\Win64\Bin\;C:\Program Files (x86)\IVI Foundation\VISA\WinNT\Bin;C:\Program Files\Intel\WiFi\bin\;C:\Program Files\Common Files\Intel\WirelessCommon\;C:\Users\ruthb\AppData\Local\Microsoft\WindowsApps;C:\Users\ruthb\AppData\Local\GitHubDesktop\bin;%USERPROFILE%\AppData\Local\Microsoft\WindowsApps;
USERNAME=ruthb
OS=Windows_NT
PROCESSOR_IDENTIFIER=Intel64 Family 6 Model 142 Stepping 10, GenuineIntel



---------------  S Y S T E M  ---------------

OS: Windows 10.0 , 64 bit Build 19041 (10.0.19041.804)

CPU:total 8 (initial active 8) (4 cores per cpu, 2 threads per core) family 6 model 142 stepping 10, cmov, cx8, fxsr, mmx, sse, sse2, sse3, ssse3, sse4.1, sse4.2, popcnt, avx, avx2, aes, clmul, erms, rtm, 3dnowpref, lzcnt, ht, tsc, tscinvbit, bmi1, bmi2, adx

Memory: 4k page, physical 8228056k(524724k free), swap 33393880k(32k free)

vm_info: Java HotSpot(TM) 64-Bit Server VM (25.152-b16) for windows-amd64 JRE (1.8.0_152-b16), built on Sep 14 2017 02:29:36 by "java_re" with MS VC++ 10.0 (VS2010)

time: Wed Apr 14 15:37:41 2021
elapsed time: 129 seconds (0d 0h 2m 9s)

